0 info it worked if it ends with ok
1 verbose cli [ 'c:\\nodejs\\node.exe',
1 verbose cli   'c:\\nodejs\\node_modules\\npm\\bin\\npm-cli.js',
1 verbose cli   'install',
1 verbose cli   'jquery#1.11.1' ]
2 info using npm@1.3.1
3 info using node@v0.10.16
4 verbose cache add [ 'jquery#1.11.1', null ]
5 verbose cache add name=undefined spec="jquery#1.11.1" args=["jquery#1.11.1",null]
6 verbose parsed url { protocol: null,
6 verbose parsed url   slashes: null,
6 verbose parsed url   auth: null,
6 verbose parsed url   host: null,
6 verbose parsed url   port: null,
6 verbose parsed url   hostname: null,
6 verbose parsed url   hash: '#1.11.1',
6 verbose parsed url   search: null,
6 verbose parsed url   query: null,
6 verbose parsed url   pathname: 'jquery',
6 verbose parsed url   path: 'jquery',
6 verbose parsed url   href: 'jquery#1.11.1' }
7 silly lockFile e0d983c9-jquery-1-11-1 jquery#1.11.1
8 verbose lock jquery#1.11.1 C:\Users\Administrator\AppData\Roaming\npm-cache\e0d983c9-jquery-1-11-1.lock
9 silly lockFile e0d983c9-jquery-1-11-1 jquery#1.11.1
10 silly lockFile e0d983c9-jquery-1-11-1 jquery#1.11.1
11 verbose addNamed [ 'jquery#1.11.1', '' ]
12 verbose addNamed [ null, '*' ]
13 silly lockFile bba7f1e7-jquery-1-11-1 jquery#1.11.1@
14 verbose lock jquery#1.11.1@ C:\Users\Administrator\AppData\Roaming\npm-cache\bba7f1e7-jquery-1-11-1.lock
15 silly addNameRange { name: 'jquery#1.11.1', range: '*', hasData: false }
16 verbose url raw jquery#1.11.1
17 verbose url resolving [ 'https://registry.npmjs.org/', './jquery%231.11.1' ]
18 verbose url resolved https://registry.npmjs.org/jquery%231.11.1
19 info trying registry request attempt 1 at 00:59:23
20 http GET https://registry.npmjs.org/jquery%231.11.1
21 http 404 https://registry.npmjs.org/jquery%231.11.1
22 silly registry.get cb [ 404,
22 silly registry.get   { date: 'Sat, 11 Oct 2014 16:59:21 GMT',
22 silly registry.get     server: 'CouchDB/1.5.0 (Erlang OTP/R16B03)',
22 silly registry.get     'content-type': 'application/json',
22 silly registry.get     'cache-control': 'max-age=0',
22 silly registry.get     'content-length': '52',
22 silly registry.get     'accept-ranges': 'bytes',
22 silly registry.get     via: '1.1 varnish',
22 silly registry.get     age: '0',
22 silly registry.get     'x-served-by': 'cache-sjc3131-SJC',
22 silly registry.get     'x-cache': 'MISS',
22 silly registry.get     'x-cache-hits': '0',
22 silly registry.get     'x-timer': 'S1413046761.654881,VS0,VE147',
22 silly registry.get     'keep-alive': 'timeout=10, max=50',
22 silly registry.get     connection: 'Keep-Alive' } ]
23 silly lockFile bba7f1e7-jquery-1-11-1 jquery#1.11.1@
24 silly lockFile bba7f1e7-jquery-1-11-1 jquery#1.11.1@
25 error 404 'jquery%231.11.1' is not in the npm registry.
25 error 404 You should bug the author to publish it
25 error 404
25 error 404 Note that you can also install from a
25 error 404 tarball, folder, or http url, or git url.
26 error System Windows_NT 6.1.7601
27 error command "c:\\nodejs\\node.exe" "c:\\nodejs\\node_modules\\npm\\bin\\npm-cli.js" "install" "jquery#1.11.1"
28 error cwd E:\Dropbox\work\cute1
29 error node -v v0.10.16
30 error npm -v 1.3.1
31 error code E404
32 verbose exit [ 1, true ]
